 BELLHOP/BELLHOP3D

 BELLHOP- SIMI94 230m                                                            
 frequency =   90.00     Hz

 Dummy parameter NMedia =            1

     Spline approximation to SSP
     Attenuation units: dB/mkHz
     VACUUM

 Depth =    3000.00 m

 Sound speed profile:
   z (m)     alphaR (m/s)   betaR  rho (g/cm^3)  alphaI     betaI

      0.00      1431.50      0.00     1.00       0.0000    0.0000
    100.00      1443.00      0.00     1.00       0.0000    0.0000
    200.00      1450.00      0.00     1.00       0.0000    0.0000
    300.00      1458.00      0.00     1.00       0.0000    0.0000
    450.00      1460.00      0.00     1.00       0.0000    0.0000
    600.00      1460.50      0.00     1.00       0.0000    0.0000
    700.00      1462.00      0.00     1.00       0.0000    0.0000
    750.00      1463.00      0.00     1.00       0.0000    0.0000
    800.00      1463.52      0.00     1.00       0.0000    0.0000
    900.00      1465.12      0.00     1.00       0.0000    0.0000
   1000.00      1466.72      0.00     1.00       0.0000    0.0000
   1100.00      1468.32      0.00     1.00       0.0000    0.0000
   1200.00      1469.92      0.00     1.00       0.0000    0.0000
   1300.00      1471.52      0.00     1.00       0.0000    0.0000
   1400.00      1473.12      0.00     1.00       0.0000    0.0000
   1500.00      1474.72      0.00     1.00       0.0000    0.0000
   1600.00      1476.32      0.00     1.00       0.0000    0.0000
   1700.00      1477.92      0.00     1.00       0.0000    0.0000
   1800.00      1479.52      0.00     1.00       0.0000    0.0000
   1900.00      1481.12      0.00     1.00       0.0000    0.0000
   2000.00      1482.72      0.00     1.00       0.0000    0.0000
   2100.00      1484.32      0.00     1.00       0.0000    0.0000
   2200.00      1485.92      0.00     1.00       0.0000    0.0000
   2300.00      1487.52      0.00     1.00       0.0000    0.0000
   2400.00      1489.12      0.00     1.00       0.0000    0.0000
   2500.00      1490.72      0.00     1.00       0.0000    0.0000
   2600.00      1492.32      0.00     1.00       0.0000    0.0000
   2700.00      1493.92      0.00     1.00       0.0000    0.0000
   2800.00      1495.52      0.00     1.00       0.0000    0.0000
   2900.00      1497.12      0.00     1.00       0.0000    0.0000
   3000.00      1498.72      0.00     1.00       0.0000    0.0000

                                 ( RMS roughness =   0.00     )
     ACOUSTO-ELASTIC half-space
   3000.00      2200.00   1500.00     2.90       0.0000    0.0000

 __________________________________________________________________________


 Number of source   depths =            1
 Source   depths (m)
   230.000    

 Number of receiver depths =           51
 Receiver depths (m)
   0.00000       60.0000       120.000       180.000       240.000    
   300.000       360.000       420.000       480.000       540.000    
   600.000       660.000       720.000       780.000       840.000    
   900.000       960.000       1020.00       1080.00       1140.00    
   1200.00    
          ... 
   3000.00    

 Number of receiver ranges =         1001
 Receiver ranges (km)
   0.00000      0.500000E-01  0.100000      0.150000      0.200000    
  0.250000      0.300000      0.350000      0.400000      0.450000    
  0.500000      0.550000      0.600000      0.650000      0.700000    
  0.750000      0.800000      0.850000      0.900000      0.950000    
   1.00000    
          ... 
   50.0000    

 Ray trace run
 Geometric hat beams in Cartesian coordinates
 Point source (cylindrical coordinates)
 Rectilinear receiver grid: Receivers at rr( : ) x rz( : )

 Number of beams in elevation   =           15
 Beam take-off angles (degrees)
  -30.0000      -29.0000      -28.0000      -27.0000      -26.0000    
  -25.0000      -24.0000      -23.0000      -22.0000      -21.0000    
  -20.0000      -19.0000      -18.0000      -17.0000      -16.0000    

 __________________________________________________________________________


 Step length,       deltas =   0.000     m

 Maximum ray depth, Box%z  =   3500.     m
 Maximum ray range, Box%r  =  0.5100E+05 m


 Step length,       deltas =   300.0     m (automatically selected)

Tracing beam       1    -30.00
Tracing beam       2    -29.00
Tracing beam       3    -28.00
Tracing beam       4    -27.00
Tracing beam       5    -26.00
Tracing beam       6    -25.00
Tracing beam       7    -24.00
Tracing beam       8    -23.00
Tracing beam       9    -22.00
Tracing beam      10    -21.00
Tracing beam      11    -20.00
Tracing beam      12    -19.00
Tracing beam      13    -18.00
Tracing beam      14    -17.00
Tracing beam      15    -16.00

 CPU Time =       0.231E-01s
